Reading netlist file: "C:\Users\slg\WorkSpace\TangPrimer-25K\LicheeTang25k_VexRV_micro\gw_vex\impl\gwsynthesis\gw_vex.vg"
Parsing netlist file "C:\Users\slg\WorkSpace\TangPrimer-25K\LicheeTang25k_VexRV_micro\gw_vex\impl\gwsynthesis\gw_vex.vg" completed
Processing netlist completed
Reading constraint file: "C:\Users\slg\WorkSpace\TangPrimer-25K\LicheeTang25k_VexRV_micro\gw_vex\src\gw_vex.cst"
Physical Constraint parsed completed
Running placement......
[10%] Placement Phase 0 completed
[20%] Placement Phase 1 completed
[30%] Placement Phase 2 completed
[50%] Placement Phase 3 completed
Running routing......
[60%] Routing Phase 0 completed
[70%] Routing Phase 1 completed
[80%] Routing Phase 2 completed
WARN  (PR1014) : Generic routing resource will be used to clock signal 'jtag_tck_d' by the specified constraint. And then it may lead to the excessive delay or skew
[90%] Routing Phase 3 completed
Running timing analysis......
[95%] Timing analysis completed
Placement and routing completed
Bitstream generation in progress......
Bitstream generation completed
Generate file "C:\Users\slg\WorkSpace\TangPrimer-25K\LicheeTang25k_VexRV_micro\gw_vex\impl\pnr\gw_vex.pin.html" completed
Generate file "C:\Users\slg\WorkSpace\TangPrimer-25K\LicheeTang25k_VexRV_micro\gw_vex\impl\pnr\gw_vex.rpt.html" completed
Generate file "C:\Users\slg\WorkSpace\TangPrimer-25K\LicheeTang25k_VexRV_micro\gw_vex\impl\pnr\gw_vex.rpt.txt" completed
Generate file "C:\Users\slg\WorkSpace\TangPrimer-25K\LicheeTang25k_VexRV_micro\gw_vex\impl\pnr\gw_vex.tr.html" completed
Thu Mar 14 17:53:02 2024

